<?xml version="1.0" encoding="UTF-8"?>
<Site BuildName="Linux-g++"
	BuildStamp="20240505-1211-Experimental"
	Name="YAHIA"
	Generator="ctest-3.22.1"
	CompilerName="/usr/bin/g++"
	CompilerVersion=""
	OSName="Linux"
	Hostname="YAHIA"
	OSRelease="5.15.146.1-microsoft-standard-WSL2"
	OSVersion="#1 SMP Thu Jan 11 04:09:03 UTC 2024"
	OSPlatform="x86_64"
	Is64Bits="1"
	VendorString="AuthenticAMD"
	VendorID="Advanced Micro Devices"
	FamilyID="23"
	ModelID="113"
	ProcessorCacheSize="512"
	NumberOfLogicalCPU="16"
	NumberOfPhysicalCPU="8"
	TotalVirtualMemory="2048"
	TotalPhysicalMemory="7906"
	LogicalProcessorsPerPhysical="2"
	ProcessorClockFrequency="3600.02"
	>
	<Testing>
		<StartDateTime>May 05 15:11 EEST</StartDateTime>
		<StartTestTime>1714911072</StartTestTime>
		<TestList/>
		<EndDateTime>May 05 15:11 EEST</EndDateTime>
		<EndTestTime>1714911072</EndTestTime>
		<ElapsedMinutes>0</ElapsedMinutes>
	</Testing>
</Site>
